2017/12/26 9:55:01  Main(Exception)：   在 System.Number.StringToNumber(String str, NumberStyles options, NumberBuffer& number, NumberFormatInfo info, Boolean parseDecimal)
   在 System.Number.ParseInt32(String s, NumberStyles style, NumberFormatInfo info)
   在 System.Convert.ToInt32(String value)
   在 EBMTest.EBMMain..ctor() 位置 d:\ProjectDoc\software\EBMTest\EBMMain.cs:行号 85
   在 EBMTest.Program.Main(String[] args) 位置 d:\ProjectDoc\software\EBMTest\Program.cs:行号 47
   在 System.AppDomain._nExecuteAssembly(RuntimeAssembly assembly, String[] args)
   在 System.AppDomain.ExecuteAssembly(String assemblyFile, Evidence assemblySecurity, String[] args)
   在 Microsoft.VisualStudio.HostingProcess.HostProc.RunUsersAssembly()
   在 System.Threading.ThreadHelper.ThreadStart_Context(Object state)
   在 System.Threading.ExecutionContext.RunInternal(ExecutionContext executionContext, ContextCallback callback, Object state, Boolean preserveSyncCtx)
   在 System.Threading.ExecutionContext.Run(ExecutionContext executionContext, ContextCallback callback, Object state, Boolean preserveSyncCtx)
   在 System.Threading.ExecutionContext.Run(ExecutionContext executionContext, ContextCallback callback, Object state)
   在 System.Threading.ThreadHelper.ThreadStart()
2017/12/26 9:56:10  Main(Exception)：   在 System.Number.StringToNumber(String str, NumberStyles options, NumberBuffer& number, NumberFormatInfo info, Boolean parseDecimal)
   在 System.Number.ParseInt32(String s, NumberStyles style, NumberFormatInfo info)
   在 System.Convert.ToInt32(String value)
   在 EBMTest.EBMMain..ctor() 位置 d:\ProjectDoc\software\EBMTest\EBMMain.cs:行号 85
   在 EBMTest.Program.Main(String[] args) 位置 d:\ProjectDoc\software\EBMTest\Program.cs:行号 47
   在 System.AppDomain._nExecuteAssembly(RuntimeAssembly assembly, String[] args)
   在 System.AppDomain.ExecuteAssembly(String assemblyFile, Evidence assemblySecurity, String[] args)
   在 Microsoft.VisualStudio.HostingProcess.HostProc.RunUsersAssembly()
   在 System.Threading.ThreadHelper.ThreadStart_Context(Object state)
   在 System.Threading.ExecutionContext.RunInternal(ExecutionContext executionContext, ContextCallback callback, Object state, Boolean preserveSyncCtx)
   在 System.Threading.ExecutionContext.Run(ExecutionContext executionContext, ContextCallback callback, Object state, Boolean preserveSyncCtx)
   在 System.Threading.ExecutionContext.Run(ExecutionContext executionContext, ContextCallback callback, Object state)
   在 System.Threading.ThreadHelper.ThreadStart()
